Running test code for SlaterGPU
This is a GPU run with 1 GPUs found
  Geometry: 
   6  0.00000  0.00000  0.00000 
   8  0.00000  0.00000  2.13161 
  nuclear repulsion:  22.51817948 
  lmax in auxiliary basis: 2 
  found  2 atoms and 20 basis functions 
   basis(  0):  1 0  0   7.680  norm:    12.01  (XYZ:  0.00000  0.00000  0.00000 Z: 6.00) 
   basis(  1):  1 0  0   5.000  norm:     6.31  (XYZ:  0.00000  0.00000  0.00000 Z: 6.00) 
   basis(  2):  2 0  0   1.980  norm:     1.80  (XYZ:  0.00000  0.00000  0.00000 Z: 6.00) 
   basis(  3):  2 0  0   1.240  norm:     0.56  (XYZ:  0.00000  0.00000  0.00000 Z: 6.00) 
   basis(  4):  2 1  1   2.200  norm:     4.05  (XYZ:  0.00000  0.00000  0.00000 Z: 6.00) 
   basis(  5):  2 1 -1   2.200  norm:     4.05  (XYZ:  0.00000  0.00000  0.00000 Z: 6.00) 
   basis(  6):  2 1  0   2.200  norm:     4.05  (XYZ:  0.00000  0.00000  0.00000 Z: 6.00) 
   basis(  7):  2 1  1   0.960  norm:     0.51  (XYZ:  0.00000  0.00000  0.00000 Z: 6.00) 
   basis(  8):  2 1 -1   0.960  norm:     0.51  (XYZ:  0.00000  0.00000  0.00000 Z: 6.00) 
   basis(  9):  2 1  0   0.960  norm:     0.51  (XYZ:  0.00000  0.00000  0.00000 Z: 6.00) 
   basis( 10):  1 0  0   9.800  norm:    17.31  (XYZ:  0.00000  0.00000  2.13161 Z: 8.00) 
   basis( 11):  1 0  0   6.800  norm:    10.00  (XYZ:  0.00000  0.00000  2.13161 Z: 8.00) 
   basis( 12):  2 0  0   1.700  norm:     1.23  (XYZ:  0.00000  0.00000  2.13161 Z: 8.00) 
   basis( 13):  2 0  0   2.820  norm:     4.35  (XYZ:  0.00000  0.00000  2.13161 Z: 8.00) 
   basis( 14):  2 1  1   3.060  norm:     9.24  (XYZ:  0.00000  0.00000  2.13161 Z: 8.00) 
   basis( 15):  2 1 -1   3.060  norm:     9.24  (XYZ:  0.00000  0.00000  2.13161 Z: 8.00) 
   basis( 16):  2 1  0   3.060  norm:     9.24  (XYZ:  0.00000  0.00000  2.13161 Z: 8.00) 
   basis( 17):  2 1  1   1.300  norm:     1.09  (XYZ:  0.00000  0.00000  2.13161 Z: 8.00) 
   basis( 18):  2 1 -1   1.300  norm:     1.09  (XYZ:  0.00000  0.00000  2.13161 Z: 8.00) 
   basis( 19):  2 1  0   1.300  norm:     1.09  (XYZ:  0.00000  0.00000  2.13161 Z: 8.00) 
  found 79 auxiliary basis functions 
   basis_aux(  0):  1 0  0  15.360  norm:   33.96  (XYZ:  0.00000  0.00000  0.00000) 
   basis_aux(  1):  1 0  0  11.533  norm:   22.10  (XYZ:  0.00000  0.00000  0.00000) 
   basis_aux(  2):  1 0  0   8.660  norm:   14.38  (XYZ:  0.00000  0.00000  0.00000) 
   basis_aux(  3):  1 0  0   6.502  norm:    9.35  (XYZ:  0.00000  0.00000  0.00000) 
   basis_aux(  4):  1 0  0   4.882  norm:    6.09  (XYZ:  0.00000  0.00000  0.00000) 
   basis_aux(  5):  1 0  0   3.666  norm:    3.96  (XYZ:  0.00000  0.00000  0.00000) 
   basis_aux(  6):  1 0  0   2.752  norm:    2.58  (XYZ:  0.00000  0.00000  0.00000) 
   basis_aux(  7):  1 0  0   2.067  norm:    1.68  (XYZ:  0.00000  0.00000  0.00000) 
   basis_aux(  8):  2 1 -1   9.880  norm:  173.11  (XYZ:  0.00000  0.00000  0.00000) 
   basis_aux(  9):  2 1  0   9.880  norm:  173.11  (XYZ:  0.00000  0.00000  0.00000) 
   basis_aux( 10):  2 1  1   9.880  norm:  173.11  (XYZ:  0.00000  0.00000  0.00000) 
   basis_aux( 11):  2 1 -1   7.173  norm:   77.76  (XYZ:  0.00000  0.00000  0.00000) 
   basis_aux( 12):  2 1  0   7.173  norm:   77.76  (XYZ:  0.00000  0.00000  0.00000) 
   basis_aux( 13):  2 1  1   7.173  norm:   77.76  (XYZ:  0.00000  0.00000  0.00000) 
   basis_aux( 14):  2 1 -1   5.208  norm:   34.93  (XYZ:  0.00000  0.00000  0.00000) 
   basis_aux( 15):  2 1  0   5.208  norm:   34.93  (XYZ:  0.00000  0.00000  0.00000) 
   basis_aux( 16):  2 1  1   5.208  norm:   34.93  (XYZ:  0.00000  0.00000  0.00000) 
   basis_aux( 17):  2 1 -1   3.781  norm:   15.69  (XYZ:  0.00000  0.00000  0.00000) 
   basis_aux( 18):  2 1  0   3.781  norm:   15.69  (XYZ:  0.00000  0.00000  0.00000) 
   basis_aux( 19):  2 1  1   3.781  norm:   15.69  (XYZ:  0.00000  0.00000  0.00000) 
   basis_aux( 20):  2 1 -1   2.745  norm:    7.05  (XYZ:  0.00000  0.00000  0.00000) 
   basis_aux( 21):  2 1  0   2.745  norm:    7.05  (XYZ:  0.00000  0.00000  0.00000) 
   basis_aux( 22):  2 1  1   2.745  norm:    7.05  (XYZ:  0.00000  0.00000  0.00000) 
   basis_aux( 23):  2 1 -1   1.993  norm:    3.17  (XYZ:  0.00000  0.00000  0.00000) 
   basis_aux( 24):  2 1  0   1.993  norm:    3.17  (XYZ:  0.00000  0.00000  0.00000) 
   basis_aux( 25):  2 1  1   1.993  norm:    3.17  (XYZ:  0.00000  0.00000  0.00000) 
   basis_aux( 26):  3 2 -2   4.400  norm:   82.31  (XYZ:  0.00000  0.00000  0.00000) 
   basis_aux( 27):  3 2 -1   4.400  norm:   82.31  (XYZ:  0.00000  0.00000  0.00000) 
   basis_aux( 28):  3 2  0   4.400  norm:   23.76  (XYZ:  0.00000  0.00000  0.00000) 
   basis_aux( 29):  3 2  1   4.400  norm:   82.31  (XYZ:  0.00000  0.00000  0.00000) 
   basis_aux( 30):  3 2  2   4.400  norm:   41.16  (XYZ:  0.00000  0.00000  0.00000) 
   basis_aux( 31):  3 2 -2   2.907  norm:   19.28  (XYZ:  0.00000  0.00000  0.00000) 
   basis_aux( 32):  3 2 -1   2.907  norm:   19.28  (XYZ:  0.00000  0.00000  0.00000) 
   basis_aux( 33):  3 2  0   2.907  norm:    5.57  (XYZ:  0.00000  0.00000  0.00000) 
   basis_aux( 34):  3 2  1   2.907  norm:   19.28  (XYZ:  0.00000  0.00000  0.00000) 
   basis_aux( 35):  3 2  2   2.907  norm:    9.64  (XYZ:  0.00000  0.00000  0.00000) 
   basis_aux( 36):  3 2 -2   1.920  norm:    4.52  (XYZ:  0.00000  0.00000  0.00000) 
   basis_aux( 37):  3 2 -1   1.920  norm:    4.52  (XYZ:  0.00000  0.00000  0.00000) 
   basis_aux( 38):  3 2  0   1.920  norm:    1.30  (XYZ:  0.00000  0.00000  0.00000) 
   basis_aux( 39):  3 2  1   1.920  norm:    4.52  (XYZ:  0.00000  0.00000  0.00000) 
   basis_aux( 40):  3 2  2   1.920  norm:    2.26  (XYZ:  0.00000  0.00000  0.00000) 
   basis_aux( 41):  1 0  0  19.600  norm:   48.96  (XYZ:  0.00000  0.00000  2.13161) 
   basis_aux( 42):  1 0  0  14.868  norm:   32.35  (XYZ:  0.00000  0.00000  2.13161) 
   basis_aux( 43):  1 0  0  11.279  norm:   21.37  (XYZ:  0.00000  0.00000  2.13161) 
   basis_aux( 44):  1 0  0   8.556  norm:   14.12  (XYZ:  0.00000  0.00000  2.13161) 
   basis_aux( 45):  1 0  0   6.491  norm:    9.33  (XYZ:  0.00000  0.00000  2.13161) 
   basis_aux( 46):  1 0  0   4.924  norm:    6.16  (XYZ:  0.00000  0.00000  2.13161) 
   basis_aux( 47):  1 0  0   3.735  norm:    4.07  (XYZ:  0.00000  0.00000  2.13161) 
   basis_aux( 48):  1 0  0   2.833  norm:    2.69  (XYZ:  0.00000  0.00000  2.13161) 
   basis_aux( 49):  2 1 -1  12.860  norm:  334.60  (XYZ:  0.00000  0.00000  2.13161) 
   basis_aux( 50):  2 1  0  12.860  norm:  334.60  (XYZ:  0.00000  0.00000  2.13161) 
   basis_aux( 51):  2 1  1  12.860  norm:  334.60  (XYZ:  0.00000  0.00000  2.13161) 
   basis_aux( 52):  2 1 -1   8.718  norm:  126.63  (XYZ:  0.00000  0.00000  2.13161) 
   basis_aux( 53):  2 1  0   8.718  norm:  126.63  (XYZ:  0.00000  0.00000  2.13161) 
   basis_aux( 54):  2 1  1   8.718  norm:  126.63  (XYZ:  0.00000  0.00000  2.13161) 
   basis_aux( 55):  2 1 -1   5.911  norm:   47.92  (XYZ:  0.00000  0.00000  2.13161) 
   basis_aux( 56):  2 1  0   5.911  norm:   47.92  (XYZ:  0.00000  0.00000  2.13161) 
   basis_aux( 57):  2 1  1   5.911  norm:   47.92  (XYZ:  0.00000  0.00000  2.13161) 
   basis_aux( 58):  2 1 -1   4.007  norm:   18.14  (XYZ:  0.00000  0.00000  2.13161) 
   basis_aux( 59):  2 1  0   4.007  norm:   18.14  (XYZ:  0.00000  0.00000  2.13161) 
   basis_aux( 60):  2 1  1   4.007  norm:   18.14  (XYZ:  0.00000  0.00000  2.13161) 
   basis_aux( 61):  2 1 -1   2.717  norm:    6.86  (XYZ:  0.00000  0.00000  2.13161) 
   basis_aux( 62):  2 1  0   2.717  norm:    6.86  (XYZ:  0.00000  0.00000  2.13161) 
   basis_aux( 63):  2 1  1   2.717  norm:    6.86  (XYZ:  0.00000  0.00000  2.13161) 
   basis_aux( 64):  3 2 -2   6.120  norm:  261.22  (XYZ:  0.00000  0.00000  2.13161) 
   basis_aux( 65):  3 2 -1   6.120  norm:  261.22  (XYZ:  0.00000  0.00000  2.13161) 
   basis_aux( 66):  3 2  0   6.120  norm:   75.41  (XYZ:  0.00000  0.00000  2.13161) 
   basis_aux( 67):  3 2  1   6.120  norm:  261.22  (XYZ:  0.00000  0.00000  2.13161) 
   basis_aux( 68):  3 2  2   6.120  norm:  130.61  (XYZ:  0.00000  0.00000  2.13161) 
   basis_aux( 69):  3 2 -2   3.989  norm:   58.40  (XYZ:  0.00000  0.00000  2.13161) 
   basis_aux( 70):  3 2 -1   3.989  norm:   58.40  (XYZ:  0.00000  0.00000  2.13161) 
   basis_aux( 71):  3 2  0   3.989  norm:   16.86  (XYZ:  0.00000  0.00000  2.13161) 
   basis_aux( 72):  3 2  1   3.989  norm:   58.40  (XYZ:  0.00000  0.00000  2.13161) 
   basis_aux( 73):  3 2  2   3.989  norm:   29.20  (XYZ:  0.00000  0.00000  2.13161) 
   basis_aux( 74):  3 2 -2   2.600  norm:   13.06  (XYZ:  0.00000  0.00000  2.13161) 
   basis_aux( 75):  3 2 -1   2.600  norm:   13.06  (XYZ:  0.00000  0.00000  2.13161) 
   basis_aux( 76):  3 2  0   2.600  norm:    3.77  (XYZ:  0.00000  0.00000  2.13161) 
   basis_aux( 77):  3 2  1   2.600  norm:   13.06  (XYZ:  0.00000  0.00000  2.13161) 
   basis_aux( 78):  3 2  2   2.600  norm:    6.53  (XYZ:  0.00000  0.00000  2.13161) 
 There are 7 occupied orbitals (2 core)
 Na: 7 Nb: 7
 nrad: 60 nang: 23 size_ang: 770
 grid size: 46200
1e ints: 400
2c2e ints: 6241
3c3e ints: 31600
4c4e ints: 160000
Computing prolate spheroidal integrals:
  PS grid size: 36 24  8 quad_order: 12 12  w/quad: 11943936 
  beginning compute_STEn_ps 
   gpu memory available: 21.776 GB 
   after alloc, gpu memory available: 18.366 GB 
  S diagonals accuracy: 
 -14.1 -14.2 -14.5 -15.5 -14.3 -14.3 -14.3 -14.6 -14.6 -14.6 -14.6 -13.9 -14.6 -14.3 -14.2 -14.2 -14.2 -15.0 -15.0 -15.0
  beginning compute_pVp_ps 
   gpu memory available: 21.747 GB 
   after alloc, gpu memory available: 15.683 GB 
  beginning compute_pVp_3c_ps 
   gpu memory available: 21.735 GB 
   after alloc, gpu memory available: 15.683 GB 
  beginning compute_2c_ps 
   estimated memory needed (2c):  7.920 GB 
   gpu memory available: 21.735 GB 
   after alloc, gpu memory available: 13.771 GB 
  beginning compute_3c_ps 
   estimated memory needed (3c):  6.051 GB 
   gpu memory available: 21.691 GB 
   after alloc, gpu memory available: 15.551 GB 
Printing PS Integral Files:
  writing S/En/T to file 
  writing pVp to file 
  writing A to file 
  writing C to file 

  Done!
