Running test code for SlaterGPU
This is a GPU run with 1 GPUs found
  Geometry: 
   6 -0.00000  0.00000  0.00000 
   1  0.67398 -1.90637  0.00000 
   1  0.67401  0.95317  1.65096 
   1  0.67401  0.95317 -1.65096 
   1 -2.02201  0.00002  0.00000 
  nuclear repulsion:  13.68651805 
  lmax in auxiliary basis: 2 
  found  5 atoms and 18 basis functions 
   basis(  0):  1 0  0   7.680  norm:    12.01  (XYZ: -0.00000  0.00000  0.00000 Z: 6.00) 
   basis(  1):  1 0  0   5.000  norm:     6.31  (XYZ: -0.00000  0.00000  0.00000 Z: 6.00) 
   basis(  2):  2 0  0   1.980  norm:     1.80  (XYZ: -0.00000  0.00000  0.00000 Z: 6.00) 
   basis(  3):  2 0  0   1.240  norm:     0.56  (XYZ: -0.00000  0.00000  0.00000 Z: 6.00) 
   basis(  4):  2 1  1   2.200  norm:     4.05  (XYZ: -0.00000  0.00000  0.00000 Z: 6.00) 
   basis(  5):  2 1 -1   2.200  norm:     4.05  (XYZ: -0.00000  0.00000  0.00000 Z: 6.00) 
   basis(  6):  2 1  0   2.200  norm:     4.05  (XYZ: -0.00000  0.00000  0.00000 Z: 6.00) 
   basis(  7):  2 1  1   0.960  norm:     0.51  (XYZ: -0.00000  0.00000  0.00000 Z: 6.00) 
   basis(  8):  2 1 -1   0.960  norm:     0.51  (XYZ: -0.00000  0.00000  0.00000 Z: 6.00) 
   basis(  9):  2 1  0   0.960  norm:     0.51  (XYZ: -0.00000  0.00000  0.00000 Z: 6.00) 
   basis( 10):  1 0  0   0.760  norm:     0.37  (XYZ:  0.67398 -1.90637  0.00000 Z: 1.00) 
   basis( 11):  1 0  0   1.280  norm:     0.82  (XYZ:  0.67398 -1.90637  0.00000 Z: 1.00) 
   basis( 12):  1 0  0   0.760  norm:     0.37  (XYZ:  0.67401  0.95317  1.65096 Z: 1.00) 
   basis( 13):  1 0  0   1.280  norm:     0.82  (XYZ:  0.67401  0.95317  1.65096 Z: 1.00) 
   basis( 14):  1 0  0   0.760  norm:     0.37  (XYZ:  0.67401  0.95317 -1.65096 Z: 1.00) 
   basis( 15):  1 0  0   1.280  norm:     0.82  (XYZ:  0.67401  0.95317 -1.65096 Z: 1.00) 
   basis( 16):  1 0  0   0.760  norm:     0.37  (XYZ: -2.02201  0.00002  0.00000 Z: 1.00) 
   basis( 17):  1 0  0   1.280  norm:     0.82  (XYZ: -2.02201  0.00002  0.00000 Z: 1.00) 
  found 57 auxiliary basis functions 
   basis_aux(  0):  1 0  0  15.360  norm:   33.96  (XYZ: -0.00000  0.00000  0.00000) 
   basis_aux(  1):  1 0  0  11.533  norm:   22.10  (XYZ: -0.00000  0.00000  0.00000) 
   basis_aux(  2):  1 0  0   8.660  norm:   14.38  (XYZ: -0.00000  0.00000  0.00000) 
   basis_aux(  3):  1 0  0   6.502  norm:    9.35  (XYZ: -0.00000  0.00000  0.00000) 
   basis_aux(  4):  1 0  0   4.882  norm:    6.09  (XYZ: -0.00000  0.00000  0.00000) 
   basis_aux(  5):  1 0  0   3.666  norm:    3.96  (XYZ: -0.00000  0.00000  0.00000) 
   basis_aux(  6):  1 0  0   2.752  norm:    2.58  (XYZ: -0.00000  0.00000  0.00000) 
   basis_aux(  7):  1 0  0   2.067  norm:    1.68  (XYZ: -0.00000  0.00000  0.00000) 
   basis_aux(  8):  2 1 -1   9.880  norm:  173.11  (XYZ: -0.00000  0.00000  0.00000) 
   basis_aux(  9):  2 1  0   9.880  norm:  173.11  (XYZ: -0.00000  0.00000  0.00000) 
   basis_aux( 10):  2 1  1   9.880  norm:  173.11  (XYZ: -0.00000  0.00000  0.00000) 
   basis_aux( 11):  2 1 -1   7.173  norm:   77.76  (XYZ: -0.00000  0.00000  0.00000) 
   basis_aux( 12):  2 1  0   7.173  norm:   77.76  (XYZ: -0.00000  0.00000  0.00000) 
   basis_aux( 13):  2 1  1   7.173  norm:   77.76  (XYZ: -0.00000  0.00000  0.00000) 
   basis_aux( 14):  2 1 -1   5.208  norm:   34.93  (XYZ: -0.00000  0.00000  0.00000) 
   basis_aux( 15):  2 1  0   5.208  norm:   34.93  (XYZ: -0.00000  0.00000  0.00000) 
   basis_aux( 16):  2 1  1   5.208  norm:   34.93  (XYZ: -0.00000  0.00000  0.00000) 
   basis_aux( 17):  2 1 -1   3.781  norm:   15.69  (XYZ: -0.00000  0.00000  0.00000) 
   basis_aux( 18):  2 1  0   3.781  norm:   15.69  (XYZ: -0.00000  0.00000  0.00000) 
   basis_aux( 19):  2 1  1   3.781  norm:   15.69  (XYZ: -0.00000  0.00000  0.00000) 
   basis_aux( 20):  2 1 -1   2.745  norm:    7.05  (XYZ: -0.00000  0.00000  0.00000) 
   basis_aux( 21):  2 1  0   2.745  norm:    7.05  (XYZ: -0.00000  0.00000  0.00000) 
   basis_aux( 22):  2 1  1   2.745  norm:    7.05  (XYZ: -0.00000  0.00000  0.00000) 
   basis_aux( 23):  2 1 -1   1.993  norm:    3.17  (XYZ: -0.00000  0.00000  0.00000) 
   basis_aux( 24):  2 1  0   1.993  norm:    3.17  (XYZ: -0.00000  0.00000  0.00000) 
   basis_aux( 25):  2 1  1   1.993  norm:    3.17  (XYZ: -0.00000  0.00000  0.00000) 
   basis_aux( 26):  3 2 -2   4.400  norm:   82.31  (XYZ: -0.00000  0.00000  0.00000) 
   basis_aux( 27):  3 2 -1   4.400  norm:   82.31  (XYZ: -0.00000  0.00000  0.00000) 
   basis_aux( 28):  3 2  0   4.400  norm:   23.76  (XYZ: -0.00000  0.00000  0.00000) 
   basis_aux( 29):  3 2  1   4.400  norm:   82.31  (XYZ: -0.00000  0.00000  0.00000) 
   basis_aux( 30):  3 2  2   4.400  norm:   41.16  (XYZ: -0.00000  0.00000  0.00000) 
   basis_aux( 31):  3 2 -2   2.907  norm:   19.28  (XYZ: -0.00000  0.00000  0.00000) 
   basis_aux( 32):  3 2 -1   2.907  norm:   19.28  (XYZ: -0.00000  0.00000  0.00000) 
   basis_aux( 33):  3 2  0   2.907  norm:    5.57  (XYZ: -0.00000  0.00000  0.00000) 
   basis_aux( 34):  3 2  1   2.907  norm:   19.28  (XYZ: -0.00000  0.00000  0.00000) 
   basis_aux( 35):  3 2  2   2.907  norm:    9.64  (XYZ: -0.00000  0.00000  0.00000) 
   basis_aux( 36):  3 2 -2   1.920  norm:    4.52  (XYZ: -0.00000  0.00000  0.00000) 
   basis_aux( 37):  3 2 -1   1.920  norm:    4.52  (XYZ: -0.00000  0.00000  0.00000) 
   basis_aux( 38):  3 2  0   1.920  norm:    1.30  (XYZ: -0.00000  0.00000  0.00000) 
   basis_aux( 39):  3 2  1   1.920  norm:    4.52  (XYZ: -0.00000  0.00000  0.00000) 
   basis_aux( 40):  3 2  2   1.920  norm:    2.26  (XYZ: -0.00000  0.00000  0.00000) 
   basis_aux( 41):  1 0  0   2.560  norm:    2.31  (XYZ:  0.67398 -1.90637  0.00000) 
   basis_aux( 42):  1 0  0   2.152  norm:    1.78  (XYZ:  0.67398 -1.90637  0.00000) 
   basis_aux( 43):  1 0  0   1.808  norm:    1.37  (XYZ:  0.67398 -1.90637  0.00000) 
   basis_aux( 44):  1 0  0   1.520  norm:    1.06  (XYZ:  0.67398 -1.90637  0.00000) 
   basis_aux( 45):  1 0  0   2.560  norm:    2.31  (XYZ:  0.67401  0.95317  1.65096) 
   basis_aux( 46):  1 0  0   2.152  norm:    1.78  (XYZ:  0.67401  0.95317  1.65096) 
   basis_aux( 47):  1 0  0   1.808  norm:    1.37  (XYZ:  0.67401  0.95317  1.65096) 
   basis_aux( 48):  1 0  0   1.520  norm:    1.06  (XYZ:  0.67401  0.95317  1.65096) 
   basis_aux( 49):  1 0  0   2.560  norm:    2.31  (XYZ:  0.67401  0.95317 -1.65096) 
   basis_aux( 50):  1 0  0   2.152  norm:    1.78  (XYZ:  0.67401  0.95317 -1.65096) 
   basis_aux( 51):  1 0  0   1.808  norm:    1.37  (XYZ:  0.67401  0.95317 -1.65096) 
   basis_aux( 52):  1 0  0   1.520  norm:    1.06  (XYZ:  0.67401  0.95317 -1.65096) 
   basis_aux( 53):  1 0  0   2.560  norm:    2.31  (XYZ: -2.02201  0.00002  0.00000) 
   basis_aux( 54):  1 0  0   2.152  norm:    1.78  (XYZ: -2.02201  0.00002  0.00000) 
   basis_aux( 55):  1 0  0   1.808  norm:    1.37  (XYZ: -2.02201  0.00002  0.00000) 
   basis_aux( 56):  1 0  0   1.520  norm:    1.06  (XYZ: -2.02201  0.00002  0.00000) 
 There are 5 occupied orbitals (1 core)
 Na: 5 Nb: 5
 nrad: 60 nang: 23 size_ang: 770
 grid size: 46200
1e ints: 324
2c2e ints: 3249
3c3e ints: 18468
4c4e ints: 104976
Computing Standard Integrals:
  using compute_all_2c_v2 
  using compute_all_3c_v2 
-------------------------------
Integral ST   time: 2.453e-02 s
Integral 2c2e time: 1.216e-01 s
Integral Vne  time: 2.000e-08 s
Integral 3c2e time: 4.401e-01 s
Integral VdV  time: 7.612e-03 s
-------------------------------
Integral tot  time: 5.938e-01 s
-------------------------------
Printing Standard Integral Files:
  writing S/En/T to file 
  writing A to file 
  writing pVp to file 
  writing C to file 
  writing g to file 

  Done!
